d:\qt_project\dataanalyze\dataanalyze\debug\vc140.pdb
d:\qt_project\dataanalyze\dataanalyze\debug\myexcel.obj
d:\qt_project\dataanalyze\dataanalyze\debug\dataanalyze.obj
d:\qt_project\dataanalyze\dataanalyze\debug\qcustomplot.obj
d:\qt_project\dataanalyze\dataanalyze\debug\moc_qcustomplot.obj
d:\qt_project\dataanalyze\dataanalyze\debug\main.obj
d:\qt_project\dataanalyze\dataanalyze\debug\moc_dataanalyze.obj
d:\qt_project\dataanalyze\dataanalyze\debug\qrc_dataanalyze.obj
d:\qt_project\dataanalyze\dataanalyze\generatedfiles\ui_dataanalyze.h
d:\qt_project\dataanalyze\dataanalyze\generatedfiles\debug\moc_qcustomplot.cpp
d:\qt_project\dataanalyze\dataanalyze\generatedfiles\debug\moc_dataanalyze.cpp
d:\qt_project\dataanalyze\dataanalyze\generatedfiles\qrc_dataanalyze.cpp
d:\qt_project\dataanalyze\win32\debug\dataanalyze.ilk
d:\qt_project\dataanalyze\win32\debug\dataanalyze.exe
d:\qt_project\dataanalyze\win32\debug\dataanalyze.pdb
d:\qt_project\dataanalyze\dataanalyze\debug\dataanalyze.tlog\cl.command.1.tlog
d:\qt_project\dataanalyze\dataanalyze\debug\dataanalyze.tlog\cl.read.1.tlog
d:\qt_project\dataanalyze\dataanalyze\debug\dataanalyze.tlog\cl.write.1.tlog
d:\qt_project\dataanalyze\dataanalyze\debug\dataanalyze.tlog\custombuild.command.1.tlog
d:\qt_project\dataanalyze\dataanalyze\debug\dataanalyze.tlog\custombuild.read.1.tlog
d:\qt_project\dataanalyze\dataanalyze\debug\dataanalyze.tlog\custombuild.write.1.tlog
d:\qt_project\dataanalyze\dataanalyze\debug\dataanalyze.tlog\link.command.1.tlog
d:\qt_project\dataanalyze\dataanalyze\debug\dataanalyze.tlog\link.read.1.tlog
d:\qt_project\dataanalyze\dataanalyze\debug\dataanalyze.tlog\link.write.1.tlog
