d:\qt_project\dataanalyze\dataanalyze\release\qcustomplot.obj
d:\qt_project\dataanalyze\dataanalyze\release\myexcel.obj
d:\qt_project\dataanalyze\dataanalyze\release\main.obj
d:\qt_project\dataanalyze\dataanalyze\release\moc_qcustomplot.obj
d:\qt_project\dataanalyze\dataanalyze\release\moc_dataanalyze.obj
d:\qt_project\dataanalyze\dataanalyze\release\dataanalyze.obj
d:\qt_project\dataanalyze\dataanalyze\release\qrc_dataanalyze.obj
d:\qt_project\dataanalyze\dataanalyze\generatedfiles\ui_dataanalyze.h
d:\qt_project\dataanalyze\dataanalyze\generatedfiles\release\moc_qcustomplot.cpp
d:\qt_project\dataanalyze\dataanalyze\generatedfiles\qrc_dataanalyze.cpp
d:\qt_project\dataanalyze\dataanalyze\generatedfiles\release\moc_dataanalyze.cpp
d:\qt_project\dataanalyze\win32\release\dataanalysis.exe
d:\qt_project\dataanalyze\dataanalyze\release\dataanalyze.res
d:\qt_project\dataanalyze\dataanalyze\release\dataanalyze.tlog\cl.command.1.tlog
d:\qt_project\dataanalyze\dataanalyze\release\dataanalyze.tlog\cl.read.1.tlog
d:\qt_project\dataanalyze\dataanalyze\release\dataanalyze.tlog\cl.write.1.tlog
d:\qt_project\dataanalyze\dataanalyze\release\dataanalyze.tlog\custombuild.command.1.tlog
d:\qt_project\dataanalyze\dataanalyze\release\dataanalyze.tlog\custombuild.read.1.tlog
d:\qt_project\dataanalyze\dataanalyze\release\dataanalyze.tlog\custombuild.write.1.tlog
d:\qt_project\dataanalyze\dataanalyze\release\dataanalyze.tlog\link.command.1.tlog
d:\qt_project\dataanalyze\dataanalyze\release\dataanalyze.tlog\link.read.1.tlog
d:\qt_project\dataanalyze\dataanalyze\release\dataanalyze.tlog\link.write.1.tlog
d:\qt_project\dataanalyze\dataanalyze\release\dataanalyze.tlog\rc.command.1.tlog
d:\qt_project\dataanalyze\dataanalyze\release\dataanalyze.tlog\rc.read.1.tlog
d:\qt_project\dataanalyze\dataanalyze\release\dataanalyze.tlog\rc.write.1.tlog
